1526889056219	geckodriver	INFO	geckodriver 0.20.1
1526889056230	geckodriver	INFO	Listening on 127.0.0.1:53029
1526889057264	mozrunner::runner	INFO	Running command: "/Applications/Firefox.app/Contents/MacOS/firefox-bin" "-marionette" "-profile" "/var/folders/p4/c49sz9yj4hzfp37vdshrxj1c0000gn/T/rust_mozprofile.3IaJ2GRm5zQN"
2018-05-21 13:20:59.886 plugin-container[69608:3652587] *** CFMessagePort: bootstrap_register(): failed 1100 (0x44c) 'Permission denied', port = 0x7403, name = 'com.apple.tsm.portname'
See /usr/include/servers/bootstrap_defs.h for the error codes.
2018-05-21 13:21:00.920 plugin-container[69609:3652659] *** CFMessagePort: bootstrap_register(): failed 1100 (0x44c) 'Permission denied', port = 0x8e43, name = 'com.apple.tsm.portname'
See /usr/include/servers/bootstrap_defs.h for the error codes.
1526889061099	Marionette	INFO	Listening on port 53044
1526889061171	Marionette	WARN	TLS certificate errors will be ignored for this session
*** UTM:SVC TimerManager:registerTimer called after profile-before-change notification. Ignoring timer registration for id: telemetry_modules_ping

###!!! [Parent][RunMessage] Error: Channel closing: too late to send/recv, messages will be lost

1526889095642	geckodriver	INFO	geckodriver 0.20.1
1526889095650	geckodriver	INFO	Listening on 127.0.0.1:53268
1526889096669	mozrunner::runner	INFO	Running command: "/Applications/Firefox.app/Contents/MacOS/firefox-bin" "-marionette" "-profile" "/var/folders/p4/c49sz9yj4hzfp37vdshrxj1c0000gn/T/rust_mozprofile.uIKdkC9QmLL3"
2018-05-21 13:21:38.494 plugin-container[69621:3653289] *** CFMessagePort: bootstrap_register(): failed 1100 (0x44c) 'Permission denied', port = 0x790b, name = 'com.apple.tsm.portname'
See /usr/include/servers/bootstrap_defs.h for the error codes.
1526889099122	Marionette	INFO	Listening on port 53282
1526889099215	Marionette	WARN	TLS certificate errors will be ignored for this session
2018-05-21 13:21:39.849 plugin-container[69622:3653364] *** CFMessagePort: bootstrap_register(): failed 1100 (0x44c) 'Permission denied', port = 0x8643, name = 'com.apple.tsm.portname'
See /usr/include/servers/bootstrap_defs.h for the error codes.
*** UTM:SVC TimerManager:registerTimer called after profile-before-change notification. Ignoring timer registration for id: telemetry_modules_ping

###!!! [Parent][RunMessage] Error: Channel closing: too late to send/recv, messages will be lost

1526889115810	geckodriver	INFO	geckodriver 0.20.1
1526889115819	geckodriver	INFO	Listening on 127.0.0.1:53421
1526889116841	mozrunner::runner	INFO	Running command: "/Applications/Firefox.app/Contents/MacOS/firefox-bin" "-marionette" "-profile" "/var/folders/p4/c49sz9yj4hzfp37vdshrxj1c0000gn/T/rust_mozprofile.YC27HPzwjjF7"
2018-05-21 13:21:58.503 plugin-container[69630:3653765] *** CFMessagePort: bootstrap_register(): failed 1100 (0x44c) 'Permission denied', port = 0x7703, name = 'com.apple.tsm.portname'
See /usr/include/servers/bootstrap_defs.h for the error codes.
1526889119134	Marionette	INFO	Listening on port 53435
1526889119198	Marionette	WARN	TLS certificate errors will be ignored for this session
2018-05-21 13:21:59.970 plugin-container[69631:3653868] *** CFMessagePort: bootstrap_register(): failed 1100 (0x44c) 'Permission denied', port = 0x8a43, name = 'com.apple.tsm.portname'
See /usr/include/servers/bootstrap_defs.h for the error codes.
*** UTM:SVC TimerManager:registerTimer called after profile-before-change notification. Ignoring timer registration for id: telemetry_modules_ping
1526889170775	geckodriver	INFO	geckodriver 0.20.1
1526889170782	geckodriver	INFO	Listening on 127.0.0.1:53682
1526889171803	mozrunner::runner	INFO	Running command: "/Applications/Firefox.app/Contents/MacOS/firefox-bin" "-marionette" "-profile" "/var/folders/p4/c49sz9yj4hzfp37vdshrxj1c0000gn/T/rust_mozprofile.1YwObbrNe3Dp"
2018-05-21 13:22:53.564 plugin-container[69640:3654659] *** CFMessagePort: bootstrap_register(): failed 1100 (0x44c) 'Permission denied', port = 0x8107, name = 'com.apple.tsm.portname'
See /usr/include/servers/bootstrap_defs.h for the error codes.
1526889174118	Marionette	INFO	Listening on port 53697
1526889174226	Marionette	WARN	TLS certificate errors will be ignored for this session
2018-05-21 13:22:54.743 plugin-container[69641:3654734] *** CFMessagePort: bootstrap_register(): failed 1100 (0x44c) 'Permission denied', port = 0x743f, name = 'com.apple.tsm.portname'
See /usr/include/servers/bootstrap_defs.h for the error codes.
*** UTM:SVC TimerManager:registerTimer called after profile-before-change notification. Ignoring timer registration for id: telemetry_modules_ping
1526889319159	geckodriver	INFO	geckodriver 0.20.1
1526889319168	geckodriver	INFO	Listening on 127.0.0.1:54232
1526889320185	mozrunner::runner	INFO	Running command: "/Applications/Firefox.app/Contents/MacOS/firefox-bin" "-marionette" "-profile" "/var/folders/p4/c49sz9yj4hzfp37vdshrxj1c0000gn/T/rust_mozprofile.l4RTpdNqcw8Z"
2018-05-21 13:25:21.932 plugin-container[69658:3656171] *** CFMessagePort: bootstrap_register(): failed 1100 (0x44c) 'Permission denied', port = 0x7643, name = 'com.apple.tsm.portname'
See /usr/include/servers/bootstrap_defs.h for the error codes.
1526889322547	Marionette	INFO	Listening on port 54246
1526889322608	Marionette	WARN	TLS certificate errors will be ignored for this session
2018-05-21 13:25:23.192 plugin-container[69659:3656256] *** CFMessagePort: bootstrap_register(): failed 1100 (0x44c) 'Permission denied', port = 0x7c3f, name = 'com.apple.tsm.portname'
See /usr/include/servers/bootstrap_defs.h for the error codes.
*** UTM:SVC TimerManager:registerTimer called after profile-before-change notification. Ignoring timer registration for id: telemetry_modules_ping
1526889353869	geckodriver	INFO	geckodriver 0.20.1
1526889353876	geckodriver	INFO	Listening on 127.0.0.1:54411
1526889354896	mozrunner::runner	INFO	Running command: "/Applications/Firefox.app/Contents/MacOS/firefox-bin" "-marionette" "-profile" "/var/folders/p4/c49sz9yj4hzfp37vdshrxj1c0000gn/T/rust_mozprofile.VC5pDgyWorTA"
2018-05-21 13:25:56.581 plugin-container[69669:3656738] *** CFMessagePort: bootstrap_register(): failed 1100 (0x44c) 'Permission denied', port = 0x8c03, name = 'com.apple.tsm.portname'
See /usr/include/servers/bootstrap_defs.h for the error codes.
1526889357155	Marionette	INFO	Listening on port 54425
1526889357264	Marionette	WARN	TLS certificate errors will be ignored for this session
2018-05-21 13:25:57.825 plugin-container[69670:3656820] *** CFMessagePort: bootstrap_register(): failed 1100 (0x44c) 'Permission denied', port = 0x7203, name = 'com.apple.tsm.portname'
See /usr/include/servers/bootstrap_defs.h for the error codes.
*** UTM:SVC TimerManager:registerTimer called after profile-before-change notification. Ignoring timer registration for id: telemetry_modules_ping

###!!! [Parent][RunMessage] Error: Channel closing: too late to send/recv, messages will be lost

1526889379742	geckodriver	INFO	geckodriver 0.20.1
1526889379755	geckodriver	INFO	Listening on 127.0.0.1:54573
1526889380771	mozrunner::runner	INFO	Running command: "/Applications/Firefox.app/Contents/MacOS/firefox-bin" "-marionette" "-profile" "/var/folders/p4/c49sz9yj4hzfp37vdshrxj1c0000gn/T/rust_mozprofile.QpiwN6ysO7nw"
2018-05-21 13:26:24.090 plugin-container[69682:3657452] *** CFMessagePort: bootstrap_register(): failed 1100 (0x44c) 'Permission denied', port = 0x7c47, name = 'com.apple.tsm.portname'
See /usr/include/servers/bootstrap_defs.h for the error codes.
1526889385438	Marionette	INFO	Listening on port 54588
1526889385550	Marionette	WARN	TLS certificate errors will be ignored for this session
2018-05-21 13:26:26.633 plugin-container[69683:3657557] *** CFMessagePort: bootstrap_register(): failed 1100 (0x44c) 'Permission denied', port = 0x6843, name = 'com.apple.tsm.portname'
See /usr/include/servers/bootstrap_defs.h for the error codes.
2018-05-21 13:27:12.290 plugin-container[69684:3658330] *** CFMessagePort: bootstrap_register(): failed 1100 (0x44c) 'Permission denied', port = 0x833f, name = 'com.apple.tsm.portname'
See /usr/include/servers/bootstrap_defs.h for the error codes.
JavaScript error: https://fbsbx.com/captcha/recaptcha/iframe/?referer=https%3A%2F%2Fwww.facebook.com, line 13: TypeError: style is null
JavaScript error: https://fbsbx.com/captcha/recaptcha/iframe/?referer=https%3A%2F%2Fwww.facebook.com, line 13: TypeError: style is null
JavaScript error: https://fbsbx.com/captcha/recaptcha/iframe/?referer=https%3A%2F%2Fwww.facebook.com, line 13: TypeError: style is null
[Parent 69681, Gecko_IOThread] WARNING: pipe error: Broken pipe: file /builds/worker/workspace/build/src/ipc/chromium/src/chrome/common/ipc_channel_posix.cc, line 709
*** UTM:SVC TimerManager:registerTimer called after profile-before-change notification. Ignoring timer registration for id: telemetry_modules_ping
1526890347910	geckodriver	INFO	geckodriver 0.20.1
1526890347919	geckodriver	INFO	Listening on 127.0.0.1:60291
1526890348943	mozrunner::runner	INFO	Running command: "/Applications/Firefox.app/Contents/MacOS/firefox-bin" "-marionette" "-profile" "/var/folders/p4/c49sz9yj4hzfp37vdshrxj1c0000gn/T/rust_mozprofile.ApEpmm5rodgh"
2018-05-21 13:42:31.367 plugin-container[69765:3667333] *** CFMessagePort: bootstrap_register(): failed 1100 (0x44c) 'Permission denied', port = 0x8a43, name = 'com.apple.tsm.portname'
See /usr/include/servers/bootstrap_defs.h for the error codes.
2018-05-21 13:42:32.308 plugin-container[69766:3667414] *** CFMessagePort: bootstrap_register(): failed 1100 (0x44c) 'Permission denied', port = 0x8b2f, name = 'com.apple.tsm.portname'
See /usr/include/servers/bootstrap_defs.h for the error codes.
1526890352336	Marionette	INFO	Listening on port 60309
1526890352578	Marionette	WARN	TLS certificate errors will be ignored for this session
JavaScript error: resource:///modules/FormSubmitObserver.jsm, line 214: TypeError: this._mm is null

###!!! [Child][RunMessage] Error: Channel closing: too late to send/recv, messages will be lost

*** UTM:SVC TimerManager:registerTimer called after profile-before-change notification. Ignoring timer registration for id: telemetry_modules_ping
1526890477469	geckodriver	INFO	geckodriver 0.20.1
1526890477475	geckodriver	INFO	Listening on 127.0.0.1:61325
1526890478501	mozrunner::runner	INFO	Running command: "/Applications/Firefox.app/Contents/MacOS/firefox-bin" "-marionette" "-profile" "/var/folders/p4/c49sz9yj4hzfp37vdshrxj1c0000gn/T/rust_mozprofile.VGMGJJfXhzKl"
2018-05-21 13:44:40.374 plugin-container[69785:3668894] *** CFMessagePort: bootstrap_register(): failed 1100 (0x44c) 'Permission denied', port = 0x7843, name = 'com.apple.tsm.portname'
See /usr/include/servers/bootstrap_defs.h for the error codes.
1526890481111	Marionette	INFO	Listening on port 61344
2018-05-21 13:44:41.159 plugin-container[69786:3668964] *** CFMessagePort: bootstrap_register(): failed 1100 (0x44c) 'Permission denied', port = 0x8a4b, name = 'com.apple.tsm.portname'
See /usr/include/servers/bootstrap_defs.h for the error codes.
1526890481181	Marionette	WARN	TLS certificate errors will be ignored for this session
[Parent 69784, Gecko_IOThread] WARNING: pipe error: Broken pipe: file /builds/worker/workspace/build/src/ipc/chromium/src/chrome/common/ipc_channel_posix.cc, line 709
*** UTM:SVC TimerManager:registerTimer called after profile-before-change notification. Ignoring timer registration for id: telemetry_modules_ping
1526890951042	geckodriver	INFO	geckodriver 0.20.1
1526890951051	geckodriver	INFO	Listening on 127.0.0.1:64136
1526890952078	mozrunner::runner	INFO	Running command: "/Applications/Firefox.app/Contents/MacOS/firefox-bin" "-marionette" "-profile" "/var/folders/p4/c49sz9yj4hzfp37vdshrxj1c0000gn/T/rust_mozprofile.sL1UiDAOE35t"
2018-05-21 13:52:34.546 plugin-container[69830:3673792] *** CFMessagePort: bootstrap_register(): failed 1100 (0x44c) 'Permission denied', port = 0x8907, name = 'com.apple.tsm.portname'
See /usr/include/servers/bootstrap_defs.h for the error codes.
2018-05-21 13:52:35.451 plugin-container[69831:3673874] *** CFMessagePort: bootstrap_register(): failed 1100 (0x44c) 'Permission denied', port = 0x8543, name = 'com.apple.tsm.portname'
See /usr/include/servers/bootstrap_defs.h for the error codes.
1526890955508	Marionette	INFO	Listening on port 64155
1526890955670	Marionette	WARN	TLS certificate errors will be ignored for this session
JavaScript error: https://fbsbx.com/captcha/recaptcha/iframe/?referer=https%3A%2F%2Fwww.facebook.com, line 13: TypeError: style is null
JavaScript error: https://fbsbx.com/captcha/recaptcha/iframe/?referer=https%3A%2F%2Fwww.facebook.com, line 13: TypeError: style is null
JavaScript error: https://fbsbx.com/captcha/recaptcha/iframe/?referer=https%3A%2F%2Fwww.facebook.com, line 13: TypeError: style is null
*** UTM:SVC TimerManager:registerTimer called after profile-before-change notification. Ignoring timer registration for id: telemetry_modules_ping
1526891005277	geckodriver	INFO	geckodriver 0.20.1
1526891005284	geckodriver	INFO	Listening on 127.0.0.1:64638
1526891006297	mozrunner::runner	INFO	Running command: "/Applications/Firefox.app/Contents/MacOS/firefox-bin" "-marionette" "-profile" "/var/folders/p4/c49sz9yj4hzfp37vdshrxj1c0000gn/T/rust_mozprofile.LjvJbzheH8Vu"
2018-05-21 13:53:27.949 plugin-container[69844:3674641] *** CFMessagePort: bootstrap_register(): failed 1100 (0x44c) 'Permission denied', port = 0x8843, name = 'com.apple.tsm.portname'
See /usr/include/servers/bootstrap_defs.h for the error codes.
1526891008532	Marionette	INFO	Listening on port 64657
1526891008632	Marionette	WARN	TLS certificate errors will be ignored for this session
2018-05-21 13:53:29.319 plugin-container[69845:3674726] *** CFMessagePort: bootstrap_register(): failed 1100 (0x44c) 'Permission denied', port = 0x8d43, name = 'com.apple.tsm.portname'
See /usr/include/servers/bootstrap_defs.h for the error codes.
*** UTM:SVC TimerManager:registerTimer called after profile-before-change notification. Ignoring timer registration for id: telemetry_modules_ping

###!!! [Parent][RunMessage] Error: Channel closing: too late to send/recv, messages will be lost

1526891029021	geckodriver	INFO	geckodriver 0.20.1
1526891029030	geckodriver	INFO	Listening on 127.0.0.1:64895
1526891030052	mozrunner::runner	INFO	Running command: "/Applications/Firefox.app/Contents/MacOS/firefox-bin" "-marionette" "-profile" "/var/folders/p4/c49sz9yj4hzfp37vdshrxj1c0000gn/T/rust_mozprofile.lF8g6x6yrtXB"
2018-05-21 13:53:51.820 plugin-container[69851:3675098] *** CFMessagePort: bootstrap_register(): failed 1100 (0x44c) 'Permission denied', port = 0x7943, name = 'com.apple.tsm.portname'
See /usr/include/servers/bootstrap_defs.h for the error codes.
1526891032499	Marionette	INFO	Listening on port 64914
1526891032616	Marionette	WARN	TLS certificate errors will be ignored for this session
2018-05-21 13:53:53.519 plugin-container[69852:3675187] *** CFMessagePort: bootstrap_register(): failed 1100 (0x44c) 'Permission denied', port = 0x8947, name = 'com.apple.tsm.portname'
See /usr/include/servers/bootstrap_defs.h for the error codes.
*** UTM:SVC TimerManager:registerTimer called after profile-before-change notification. Ignoring timer registration for id: telemetry_modules_ping

###!!! [Parent][RunMessage] Error: Channel closing: too late to send/recv, messages will be lost

1526891250721	geckodriver	INFO	geckodriver 0.20.1
1526891250728	geckodriver	INFO	Listening on 127.0.0.1:50191
1526891251745	mozrunner::runner	INFO	Running command: "/Applications/Firefox.app/Contents/MacOS/firefox-bin" "-marionette" "-profile" "/var/folders/p4/c49sz9yj4hzfp37vdshrxj1c0000gn/T/rust_mozprofile.olU8z89wxU8H"
2018-05-21 13:57:34.320 plugin-container[69880:3677590] *** CFMessagePort: bootstrap_register(): failed 1100 (0x44c) 'Permission denied', port = 0x863f, name = 'com.apple.tsm.portname'
See /usr/include/servers/bootstrap_defs.h for the error codes.
2018-05-21 13:57:35.237 plugin-container[69881:3677666] *** CFMessagePort: bootstrap_register(): failed 1100 (0x44c) 'Permission denied', port = 0x8b47, name = 'com.apple.tsm.portname'
See /usr/include/servers/bootstrap_defs.h for the error codes.
1526891255283	Marionette	INFO	Listening on port 50210
1526891255364	Marionette	WARN	TLS certificate errors will be ignored for this session
1526891295687	geckodriver	INFO	geckodriver 0.20.1
1526891295695	geckodriver	INFO	Listening on 127.0.0.1:50624
1526891296716	mozrunner::runner	INFO	Running command: "/Applications/Firefox.app/Contents/MacOS/firefox-bin" "-marionette" "-profile" "/var/folders/p4/c49sz9yj4hzfp37vdshrxj1c0000gn/T/rust_mozprofile.7H3HhPBO7lag"
2018-05-21 13:58:18.632 plugin-container[69892:3678413] *** CFMessagePort: bootstrap_register(): failed 1100 (0x44c) 'Permission denied', port = 0x773f, name = 'com.apple.tsm.portname'
See /usr/include/servers/bootstrap_defs.h for the error codes.
1526891299497	Marionette	INFO	Listening on port 50643
2018-05-21 13:58:19.524 plugin-container[69893:3678472] *** CFMessagePort: bootstrap_register(): failed 1100 (0x44c) 'Permission denied', port = 0x763f, name = 'com.apple.tsm.portname'
See /usr/include/servers/bootstrap_defs.h for the error codes.
1526891299620	Marionette	WARN	TLS certificate errors will be ignored for this session
*** UTM:SVC TimerManager:registerTimer called after profile-before-change notification. Ignoring timer registration for id: telemetry_modules_ping
1526891371321	geckodriver	INFO	geckodriver 0.20.1
1526891371332	geckodriver	INFO	Listening on 127.0.0.1:51259
1526891372352	mozrunner::runner	INFO	Running command: "/Applications/Firefox.app/Contents/MacOS/firefox-bin" "-marionette" "-profile" "/var/folders/p4/c49sz9yj4hzfp37vdshrxj1c0000gn/T/rust_mozprofile.6Hqmn6a3D1MM"
2018-05-21 13:59:34.163 plugin-container[69905:3679454] *** CFMessagePort: bootstrap_register(): failed 1100 (0x44c) 'Permission denied', port = 0x8243, name = 'com.apple.tsm.portname'
See /usr/include/servers/bootstrap_defs.h for the error codes.
1526891374697	Marionette	INFO	Listening on port 51277
1526891374770	Marionette	WARN	TLS certificate errors will be ignored for this session
2018-05-21 13:59:35.441 plugin-container[69906:3679543] *** CFMessagePort: bootstrap_register(): failed 1100 (0x44c) 'Permission denied', port = 0x8803, name = 'com.apple.tsm.portname'
See /usr/include/servers/bootstrap_defs.h for the error codes.
*** UTM:SVC TimerManager:registerTimer called after profile-before-change notification. Ignoring timer registration for id: telemetry_modules_ping
1526891419257	geckodriver	INFO	geckodriver 0.20.1
1526891419266	geckodriver	INFO	Listening on 127.0.0.1:51691
1526891420283	mozrunner::runner	INFO	Running command: "/Applications/Firefox.app/Contents/MacOS/firefox-bin" "-marionette" "-profile" "/var/folders/p4/c49sz9yj4hzfp37vdshrxj1c0000gn/T/rust_mozprofile.VY3EtBXsMlKY"
2018-05-21 14:00:21.924 plugin-container[69916:3680222] *** CFMessagePort: bootstrap_register(): failed 1100 (0x44c) 'Permission denied', port = 0x8343, name = 'com.apple.tsm.portname'
See /usr/include/servers/bootstrap_defs.h for the error codes.
1526891422508	Marionette	INFO	Listening on port 51710
1526891422604	Marionette	WARN	TLS certificate errors will be ignored for this session
2018-05-21 14:00:23.284 plugin-container[69917:3680299] *** CFMessagePort: bootstrap_register(): failed 1100 (0x44c) 'Permission denied', port = 0x6e3f, name = 'com.apple.tsm.portname'
See /usr/include/servers/bootstrap_defs.h for the error codes.
*** UTM:SVC TimerManager:registerTimer called after profile-before-change notification. Ignoring timer registration for id: telemetry_modules_ping
1526891454421	geckodriver	INFO	geckodriver 0.20.1
1526891454428	geckodriver	INFO	Listening on 127.0.0.1:52027
1526891455446	mozrunner::runner	INFO	Running command: "/Applications/Firefox.app/Contents/MacOS/firefox-bin" "-marionette" "-profile" "/var/folders/p4/c49sz9yj4hzfp37vdshrxj1c0000gn/T/rust_mozprofile.z9PFuDsDtN62"
2018-05-21 14:00:57.086 plugin-container[69927:3680816] *** CFMessagePort: bootstrap_register(): failed 1100 (0x44c) 'Permission denied', port = 0x7f3f, name = 'com.apple.tsm.portname'
See /usr/include/servers/bootstrap_defs.h for the error codes.
1526891457652	Marionette	INFO	Listening on port 52045
1526891457685	Marionette	WARN	TLS certificate errors will be ignored for this session
2018-05-21 14:00:58.497 plugin-container[69928:3680901] *** CFMessagePort: bootstrap_register(): failed 1100 (0x44c) 'Permission denied', port = 0x723f, name = 'com.apple.tsm.portname'
See /usr/include/servers/bootstrap_defs.h for the error codes.
*** UTM:SVC TimerManager:registerTimer called after profile-before-change notification. Ignoring timer registration for id: telemetry_modules_ping
1526891526567	geckodriver	INFO	geckodriver 0.20.1
1526891526578	geckodriver	INFO	Listening on 127.0.0.1:52623
1526891527596	mozrunner::runner	INFO	Running command: "/Applications/Firefox.app/Contents/MacOS/firefox-bin" "-marionette" "-profile" "/var/folders/p4/c49sz9yj4hzfp37vdshrxj1c0000gn/T/rust_mozprofile.GedOjialWPNY"
2018-05-21 14:02:09.841 plugin-container[69940:3681824] *** CFMessagePort: bootstrap_register(): failed 1100 (0x44c) 'Permission denied', port = 0x793f, name = 'com.apple.tsm.portname'
See /usr/include/servers/bootstrap_defs.h for the error codes.
1526891530600	Marionette	INFO	Listening on port 52641
1526891530685	Marionette	WARN	TLS certificate errors will be ignored for this session
2018-05-21 14:02:12.052 plugin-container[69942:3681929] *** CFMessagePort: bootstrap_register(): failed 1100 (0x44c) 'Permission denied', port = 0x890b, name = 'com.apple.tsm.portname'
See /usr/include/servers/bootstrap_defs.h for the error codes.
*** UTM:SVC TimerManager:registerTimer called after profile-before-change notification. Ignoring timer registration for id: telemetry_modules_ping
1526895131985	geckodriver	INFO	geckodriver 0.20.1
1526895131994	geckodriver	INFO	Listening on 127.0.0.1:62374
1526895133013	mozrunner::runner	INFO	Running command: "/Applications/Firefox.app/Contents/MacOS/firefox-bin" "-marionette" "-profile" "/var/folders/p4/c49sz9yj4hzfp37vdshrxj1c0000gn/T/rust_mozprofile.XgNDMXMf5j4n"
2018-05-21 15:02:14.853 plugin-container[70189:3713488] *** CFMessagePort: bootstrap_register(): failed 1100 (0x44c) 'Permission denied', port = 0x8a47, name = 'com.apple.tsm.portname'
See /usr/include/servers/bootstrap_defs.h for the error codes.
1526895135513	Marionette	INFO	Listening on port 62393
1526895135582	Marionette	WARN	TLS certificate errors will be ignored for this session
2018-05-21 15:02:16.225 plugin-container[70190:3713630] *** CFMessagePort: bootstrap_register(): failed 1100 (0x44c) 'Permission denied', port = 0x8a43, name = 'com.apple.tsm.portname'
See /usr/include/servers/bootstrap_defs.h for the error codes.
JavaScript warning: https://static.xx.fbcdn.net/rsrc.php/v3itpB4/yr/l/en_US/4WjEAzLDse6.js?_nc_eui2=AeEjcsYf9vpczl_CE9zmWuYQVH6VErr4qnsOkiz6-wDhtrs-4Mqdh8qWNe1_-B8TGB-85MFpm9PxcDYYSKAH7f7_qJfT8TE4nv0mG4_7vRm-Nw, line 1983: unreachable code after return statement
JavaScript warning: https://static.xx.fbcdn.net/rsrc.php/v3itpB4/yr/l/en_US/4WjEAzLDse6.js?_nc_eui2=AeEjcsYf9vpczl_CE9zmWuYQVH6VErr4qnsOkiz6-wDhtrs-4Mqdh8qWNe1_-B8TGB-85MFpm9PxcDYYSKAH7f7_qJfT8TE4nv0mG4_7vRm-Nw, line 1983: unreachable code after return statement
JavaScript error: resource://devtools/shared/base-loader.js -> resource://devtools/client/framework/toolbox.js, line 1328: TypeError: currentPanel is undefined
*** UTM:SVC TimerManager:registerTimer called after profile-before-change notification. Ignoring timer registration for id: telemetry_modules_ping
1526895224220	geckodriver	INFO	geckodriver 0.20.1
1526895224227	geckodriver	INFO	Listening on 127.0.0.1:63145
1526895225255	mozrunner::runner	INFO	Running command: "/Applications/Firefox.app/Contents/MacOS/firefox-bin" "-marionette" "-profile" "/var/folders/p4/c49sz9yj4hzfp37vdshrxj1c0000gn/T/rust_mozprofile.o4E4aq2o3FIc"
2018-05-21 15:03:46.877 plugin-container[70218:3715511] *** CFMessagePort: bootstrap_register(): failed 1100 (0x44c) 'Permission denied', port = 0x8103, name = 'com.apple.tsm.portname'
See /usr/include/servers/bootstrap_defs.h for the error codes.
1526895227441	Marionette	INFO	Listening on port 63165
1526895227467	Marionette	WARN	TLS certificate errors will be ignored for this session
2018-05-21 15:03:48.174 plugin-container[70219:3715589] *** CFMessagePort: bootstrap_register(): failed 1100 (0x44c) 'Permission denied', port = 0x713f, name = 'com.apple.tsm.portname'
See /usr/include/servers/bootstrap_defs.h for the error codes.
JavaScript warning: https://static.xx.fbcdn.net/rsrc.php/v3itpB4/yr/l/en_US/4WjEAzLDse6.js, line 1983: unreachable code after return statement
1526895501203	geckodriver	INFO	geckodriver 0.20.1
1526895501212	geckodriver	INFO	Listening on 127.0.0.1:65293
1526895502231	mozrunner::runner	INFO	Running command: "/Applications/Firefox.app/Contents/MacOS/firefox-bin" "-marionette" "-profile" "/var/folders/p4/c49sz9yj4hzfp37vdshrxj1c0000gn/T/rust_mozprofile.QFPdoL3PGam7"
2018-05-21 15:08:23.946 plugin-container[70246:3718559] *** CFMessagePort: bootstrap_register(): failed 1100 (0x44c) 'Permission denied', port = 0x8603, name = 'com.apple.tsm.portname'
See /usr/include/servers/bootstrap_defs.h for the error codes.
1526895504534	Marionette	INFO	Listening on port 65312
1526895504640	Marionette	WARN	TLS certificate errors will be ignored for this session
2018-05-21 15:08:25.193 plugin-container[70247:3718632] *** CFMessagePort: bootstrap_register(): failed 1100 (0x44c) 'Permission denied', port = 0x7803, name = 'com.apple.tsm.portname'
See /usr/include/servers/bootstrap_defs.h for the error codes.
JavaScript warning: https://static.xx.fbcdn.net/rsrc.php/v3itpB4/yr/l/en_US/4WjEAzLDse6.js, line 1983: unreachable code after return statement
1526896060306	geckodriver	INFO	geckodriver 0.20.1
1526896060314	geckodriver	INFO	Listening on 127.0.0.1:53294
1526896061348	mozrunner::runner	INFO	Running command: "/Applications/Firefox.app/Contents/MacOS/firefox-bin" "-marionette" "-profile" "/var/folders/p4/c49sz9yj4hzfp37vdshrxj1c0000gn/T/rust_mozprofile.rUBTcOY1x3nX"
2018-05-21 15:17:43.186 plugin-container[70300:3724474] *** CFMessagePort: bootstrap_register(): failed 1100 (0x44c) 'Permission denied', port = 0x8a3f, name = 'com.apple.tsm.portname'
See /usr/include/servers/bootstrap_defs.h for the error codes.
1526896063948	Marionette	INFO	Listening on port 53313
1526896064009	Marionette	WARN	TLS certificate errors will be ignored for this session
2018-05-21 15:17:44.983 plugin-container[70301:3724579] *** CFMessagePort: bootstrap_register(): failed 1100 (0x44c) 'Permission denied', port = 0x8d3f, name = 'com.apple.tsm.portname'
See /usr/include/servers/bootstrap_defs.h for the error codes.
JavaScript warning: https://static.xx.fbcdn.net/rsrc.php/v3itpB4/yr/l/en_US/4WjEAzLDse6.js, line 1983: unreachable code after return statement
1526924174706	geckodriver	INFO	geckodriver 0.20.1
1526924174722	geckodriver	INFO	Listening on 127.0.0.1:61361
1526924175729	mozrunner::runner	INFO	Running command: "/Applications/Firefox.app/Contents/MacOS/firefox-bin" "-marionette" "-profile" "/var/folders/p4/c49sz9yj4hzfp37vdshrxj1c0000gn/T/rust_mozprofile.8tDtGqDghinm"
2018-05-21 23:06:18.358 plugin-container[71111:3845055] *** CFMessagePort: bootstrap_register(): failed 1100 (0x44c) 'Permission denied', port = 0x7c3f, name = 'com.apple.tsm.portname'
See /usr/include/servers/bootstrap_defs.h for the error codes.
2018-05-21 23:06:19.616 plugin-container[71112:3845116] *** CFMessagePort: bootstrap_register(): failed 1100 (0x44c) 'Permission denied', port = 0x8d3f, name = 'com.apple.tsm.portname'
See /usr/include/servers/bootstrap_defs.h for the error codes.
1526924179624	Marionette	INFO	Listening on port 61375
1526924179707	Marionette	WARN	TLS certificate errors will be ignored for this session
JavaScript warning: https://static.xx.fbcdn.net/rsrc.php/v3itpB4/yg/l/en_US/y11Fb-qjenN.js, line 1983: unreachable code after return statement
*** UTM:SVC TimerManager:registerTimer called after profile-before-change notification. Ignoring timer registration for id: telemetry_modules_ping
1526924342271	geckodriver	INFO	geckodriver 0.20.1
1526924342278	geckodriver	INFO	Listening on 127.0.0.1:62052
1526924343304	mozrunner::runner	INFO	Running command: "/Applications/Firefox.app/Contents/MacOS/firefox-bin" "-marionette" "-profile" "/var/folders/p4/c49sz9yj4hzfp37vdshrxj1c0000gn/T/rust_mozprofile.td4w8HF9aulK"
2018-05-21 23:09:05.017 plugin-container[71136:3847323] *** CFMessagePort: bootstrap_register(): failed 1100 (0x44c) 'Permission denied', port = 0x7703, name = 'com.apple.tsm.portname'
See /usr/include/servers/bootstrap_defs.h for the error codes.
1526924345651	Marionette	INFO	Listening on port 62067
1526924345750	Marionette	WARN	TLS certificate errors will be ignored for this session
2018-05-21 23:09:06.811 plugin-container[71137:3847417] *** CFMessagePort: bootstrap_register(): failed 1100 (0x44c) 'Permission denied', port = 0x7407, name = 'com.apple.tsm.portname'
See /usr/include/servers/bootstrap_defs.h for the error codes.

###!!! [Parent][DispatchAsyncMessage] Error: PClientSourceOp::Msg___delete__ Route error: message sent to unknown actor ID

JavaScript warning: https://static.xx.fbcdn.net/rsrc.php/v3itpB4/yg/l/en_US/y11Fb-qjenN.js, line 1983: unreachable code after return statement
2018-05-21 23:11:53.197 firefox-bin[71135:3847267] -deltaZ is deprecated for NSEventTypeMagnify.  Please use -magnification.
IPDL protocol error: Handler returned error code!

###!!! [Parent][DispatchAsyncMessage] Error: PLayerTransaction::Msg_ReleaseLayer Processing error: message was deserialized, but the handler returned false (indicating failure)


###!!! [Child][RunMessage] Error: Channel closing: too late to send/recv, messages will be lost


###!!! [Child][RunMessage] Error: Channel closing: too late to send/recv, messages will be lost


###!!! [Child][RunMessage] Error: Channel closing: too late to send/recv, messages will be lost


###!!! [Child][RunMessage] Error: Channel closing: too late to send/recv, messages will be lost


###!!! [Child][RunMessage] Error: Channel closing: too late to send/recv, messages will be lost


###!!! [Child][RunMessage] Error: Channel closing: too late to send/recv, messages will be lost


###!!! [Child][RunMessage] Error: Channel closing: too late to send/recv, messages will be lost


###!!! [Child][RunMessage] Error: Channel closing: too late to send/recv, messages will be lost


###!!! [Child][RunMessage] Error: Channel closing: too late to send/recv, messages will be lost


###!!! [Child][RunMessage] Error: Channel closing: too late to send/recv, messages will be lost

1526925088185	geckodriver	INFO	geckodriver 0.20.1
1526925088196	geckodriver	INFO	Listening on 127.0.0.1:64549
1526925089217	mozrunner::runner	INFO	Running command: "/Applications/Firefox.app/Contents/MacOS/firefox-bin" "-marionette" "-profile" "/var/folders/p4/c49sz9yj4hzfp37vdshrxj1c0000gn/T/rust_mozprofile.xXARxOkepWX5"
2018-05-21 23:21:30.986 plugin-container[71241:3857157] *** CFMessagePort: bootstrap_register(): failed 1100 (0x44c) 'Permission denied', port = 0x7907, name = 'com.apple.tsm.portname'
See /usr/include/servers/bootstrap_defs.h for the error codes.
1526925091712	Marionette	INFO	Listening on port 64563
1526925091757	Marionette	WARN	TLS certificate errors will be ignored for this session
2018-05-21 23:21:32.735 plugin-container[71242:3857239] *** CFMessagePort: bootstrap_register(): failed 1100 (0x44c) 'Permission denied', port = 0x890b, name = 'com.apple.tsm.portname'
See /usr/include/servers/bootstrap_defs.h for the error codes.
1526925163644	geckodriver	INFO	geckodriver 0.20.1
1526925163654	geckodriver	INFO	Listening on 127.0.0.1:64897
1526925164670	mozrunner::runner	INFO	Running command: "/Applications/Firefox.app/Contents/MacOS/firefox-bin" "-marionette" "-profile" "/var/folders/p4/c49sz9yj4hzfp37vdshrxj1c0000gn/T/rust_mozprofile.HsMD7ykIFPwJ"
2018-05-21 23:22:46.459 plugin-container[71279:3859450] *** CFMessagePort: bootstrap_register(): failed 1100 (0x44c) 'Permission denied', port = 0x7843, name = 'com.apple.tsm.portname'
See /usr/include/servers/bootstrap_defs.h for the error codes.
2018-05-21 23:22:47.489 plugin-container[71282:3859575] *** CFMessagePort: bootstrap_register(): failed 1100 (0x44c) 'Permission denied', port = 0x853f, name = 'com.apple.tsm.portname'
See /usr/include/servers/bootstrap_defs.h for the error codes.
1526925167528	Marionette	INFO	Listening on port 64912
1526925167684	Marionette	WARN	TLS certificate errors will be ignored for this session
JavaScript warning: https://www.facebook.com/rsrc.php/v3itpB4/yg/l/en_US/y11Fb-qjenN.js, line 1983: unreachable code after return statement
*** UTM:SVC TimerManager:registerTimer called after profile-before-change notification. Ignoring timer registration for id: telemetry_modules_ping
1526925268384	geckodriver	INFO	geckodriver 0.20.1
1526925268393	geckodriver	INFO	Listening on 127.0.0.1:65380
1526925269409	mozrunner::runner	INFO	Running command: "/Applications/Firefox.app/Contents/MacOS/firefox-bin" "-marionette" "-profile" "/var/folders/p4/c49sz9yj4hzfp37vdshrxj1c0000gn/T/rust_mozprofile.6n3ArCABjMwr"
2018-05-21 23:24:31.202 plugin-container[71304:3861462] *** CFMessagePort: bootstrap_register(): failed 1100 (0x44c) 'Permission denied', port = 0x7c3f, name = 'com.apple.tsm.portname'
See /usr/include/servers/bootstrap_defs.h for the error codes.
1526925271777	Marionette	INFO	Listening on port 65395
1526925271872	Marionette	WARN	TLS certificate errors will be ignored for this session
2018-05-21 23:24:32.704 plugin-container[71305:3861544] *** CFMessagePort: bootstrap_register(): failed 1100 (0x44c) 'Permission denied', port = 0x723f, name = 'com.apple.tsm.portname'
See /usr/include/servers/bootstrap_defs.h for the error codes.
JavaScript warning: https://www.facebook.com/rsrc.php/v3itpB4/yg/l/en_US/y11Fb-qjenN.js, line 1983: unreachable code after return statement
*** UTM:SVC TimerManager:registerTimer called after profile-before-change notification. Ignoring timer registration for id: telemetry_modules_ping
1526925457306	geckodriver	INFO	geckodriver 0.20.1
1526925457320	geckodriver	INFO	Listening on 127.0.0.1:49700
1526925458332	mozrunner::runner	INFO	Running command: "/Applications/Firefox.app/Contents/MacOS/firefox-bin" "-marionette" "-profile" "/var/folders/p4/c49sz9yj4hzfp37vdshrxj1c0000gn/T/rust_mozprofile.65dFsUtvxiUI"
2018-05-21 23:27:39.971 plugin-container[71327:3864090] *** CFMessagePort: bootstrap_register(): failed 1100 (0x44c) 'Permission denied', port = 0x8a0b, name = 'com.apple.tsm.portname'
See /usr/include/servers/bootstrap_defs.h for the error codes.
1526925460557	Marionette	INFO	Listening on port 49715
1526925460641	Marionette	WARN	TLS certificate errors will be ignored for this session
2018-05-21 23:27:41.330 plugin-container[71328:3864170] *** CFMessagePort: bootstrap_register(): failed 1100 (0x44c) 'Permission denied', port = 0x883f, name = 'com.apple.tsm.portname'
See /usr/include/servers/bootstrap_defs.h for the error codes.
JavaScript warning: https://static.xx.fbcdn.net/rsrc.php/v3itpB4/yg/l/en_US/y11Fb-qjenN.js, line 1983: unreachable code after return statement
*** UTM:SVC TimerManager:registerTimer called after profile-before-change notification. Ignoring timer registration for id: telemetry_modules_ping
1526925591595	geckodriver	INFO	geckodriver 0.20.1
1526925591606	geckodriver	INFO	Listening on 127.0.0.1:50277
1526925592618	mozrunner::runner	INFO	Running command: "/Applications/Firefox.app/Contents/MacOS/firefox-bin" "-marionette" "-profile" "/var/folders/p4/c49sz9yj4hzfp37vdshrxj1c0000gn/T/rust_mozprofile.eTrgNEicsnk5"
2018-05-21 23:29:54.266 plugin-container[71349:3866301] *** CFMessagePort: bootstrap_register(): failed 1100 (0x44c) 'Permission denied', port = 0x8443, name = 'com.apple.tsm.portname'
See /usr/include/servers/bootstrap_defs.h for the error codes.
1526925594853	Marionette	INFO	Listening on port 50291
1526925594940	Marionette	WARN	TLS certificate errors will be ignored for this session
2018-05-21 23:29:55.658 plugin-container[71350:3866386] *** CFMessagePort: bootstrap_register(): failed 1100 (0x44c) 'Permission denied', port = 0x8907, name = 'com.apple.tsm.portname'
See /usr/include/servers/bootstrap_defs.h for the error codes.
JavaScript error: https://fbsbx.com/captcha/recaptcha/iframe/?referer=https%3A%2F%2Fwww.facebook.com, line 13: TypeError: style is null
JavaScript error: https://fbsbx.com/captcha/recaptcha/iframe/?referer=https%3A%2F%2Fwww.facebook.com, line 13: TypeError: style is null
JavaScript error: https://fbsbx.com/captcha/recaptcha/iframe/?referer=https%3A%2F%2Fwww.facebook.com, line 13: TypeError: style is null
JavaScript warning: https://static.xx.fbcdn.net/rsrc.php/v3itpB4/yg/l/en_US/y11Fb-qjenN.js, line 1983: unreachable code after return statement
1526925659433	geckodriver	INFO	geckodriver 0.20.1
1526925659444	geckodriver	INFO	Listening on 127.0.0.1:50611
1526925660463	mozrunner::runner	INFO	Running command: "/Applications/Firefox.app/Contents/MacOS/firefox-bin" "-marionette" "-profile" "/var/folders/p4/c49sz9yj4hzfp37vdshrxj1c0000gn/T/rust_mozprofile.1VrMUyvtzydN"
2018-05-21 23:31:02.423 plugin-container[71368:3867622] *** CFMessagePort: bootstrap_register(): failed 1100 (0x44c) 'Permission denied', port = 0x8907, name = 'com.apple.tsm.portname'
See /usr/include/servers/bootstrap_defs.h for the error codes.
1526925663012	Marionette	INFO	Listening on port 50626
1526925663130	Marionette	WARN	TLS certificate errors will be ignored for this session
2018-05-21 23:31:04.196 plugin-container[71369:3867707] *** CFMessagePort: bootstrap_register(): failed 1100 (0x44c) 'Permission denied', port = 0x8b47, name = 'com.apple.tsm.portname'
See /usr/include/servers/bootstrap_defs.h for the error codes.
JavaScript warning: https://static.xx.fbcdn.net/rsrc.php/v3itpB4/yg/l/en_US/y11Fb-qjenN.js, line 1983: unreachable code after return statement
*** UTM:SVC TimerManager:registerTimer called after profile-before-change notification. Ignoring timer registration for id: telemetry_modules_ping
1526925712243	geckodriver	INFO	geckodriver 0.20.1
1526925712252	geckodriver	INFO	Listening on 127.0.0.1:50887
1526925713265	mozrunner::runner	INFO	Running command: "/Applications/Firefox.app/Contents/MacOS/firefox-bin" "-marionette" "-profile" "/var/folders/p4/c49sz9yj4hzfp37vdshrxj1c0000gn/T/rust_mozprofile.MTViAPNM4brt"
2018-05-21 23:31:54.874 plugin-container[71384:3868701] *** CFMessagePort: bootstrap_register(): failed 1100 (0x44c) 'Permission denied', port = 0x8443, name = 'com.apple.tsm.portname'
See /usr/include/servers/bootstrap_defs.h for the error codes.
1526925715612	Marionette	INFO	Listening on port 50901
1526925715712	Marionette	WARN	TLS certificate errors will be ignored for this session
2018-05-21 23:31:56.321 plugin-container[71385:3868790] *** CFMessagePort: bootstrap_register(): failed 1100 (0x44c) 'Permission denied', port = 0x7a43, name = 'com.apple.tsm.portname'
See /usr/include/servers/bootstrap_defs.h for the error codes.
JavaScript warning: https://www.facebook.com/rsrc.php/v3itpB4/yg/l/en_US/y11Fb-qjenN.js, line 1983: unreachable code after return statement
1526925908953	geckodriver	INFO	geckodriver 0.20.1
1526925908961	geckodriver	INFO	Listening on 127.0.0.1:51845
1526925909979	mozrunner::runner	INFO	Running command: "/Applications/Firefox.app/Contents/MacOS/firefox-bin" "-marionette" "-profile" "/var/folders/p4/c49sz9yj4hzfp37vdshrxj1c0000gn/T/rust_mozprofile.UiwEBe1GoJyO"
2018-05-21 23:35:11.856 plugin-container[71408:3871681] *** CFMessagePort: bootstrap_register(): failed 1100 (0x44c) 'Permission denied', port = 0x8747, name = 'com.apple.tsm.portname'
See /usr/include/servers/bootstrap_defs.h for the error codes.
2018-05-21 23:35:12.672 plugin-container[71409:3871742] *** CFMessagePort: bootstrap_register(): failed 1100 (0x44c) 'Permission denied', port = 0x872b, name = 'com.apple.tsm.portname'
See /usr/include/servers/bootstrap_defs.h for the error codes.
1526925912677	Marionette	INFO	Listening on port 51864
1526925912728	Marionette	WARN	TLS certificate errors will be ignored for this session
JavaScript warning: https://static.xx.fbcdn.net/rsrc.php/v3itpB4/yg/l/en_US/y11Fb-qjenN.js, line 1983: unreachable code after return statement
*** UTM:SVC TimerManager:registerTimer called after profile-before-change notification. Ignoring timer registration for id: telemetry_modules_ping
1526925960494	geckodriver	INFO	geckodriver 0.20.1
1526925960501	geckodriver	INFO	Listening on 127.0.0.1:52330
1526925961519	mozrunner::runner	INFO	Running command: "/Applications/Firefox.app/Contents/MacOS/firefox-bin" "-marionette" "-profile" "/var/folders/p4/c49sz9yj4hzfp37vdshrxj1c0000gn/T/rust_mozprofile.NTZwghW7dxIp"
2018-05-21 23:36:03.224 plugin-container[71420:3872550] *** CFMessagePort: bootstrap_register(): failed 1100 (0x44c) 'Permission denied', port = 0x713f, name = 'com.apple.tsm.portname'
See /usr/include/servers/bootstrap_defs.h for the error codes.
1526925963775	Marionette	INFO	Listening on port 52349
1526925963849	Marionette	WARN	TLS certificate errors will be ignored for this session
2018-05-21 23:36:04.647 plugin-container[71421:3872626] *** CFMessagePort: bootstrap_register(): failed 1100 (0x44c) 'Permission denied', port = 0x8347, name = 'com.apple.tsm.portname'
See /usr/include/servers/bootstrap_defs.h for the error codes.
JavaScript warning: https://static.xx.fbcdn.net/rsrc.php/v3itpB4/yg/l/en_US/y11Fb-qjenN.js, line 1983: unreachable code after return statement

###!!! [Parent][RunMessage] Error: Channel closing: too late to send/recv, messages will be lost


###!!! [Parent][RunMessage] Error: Channel closing: too late to send/recv, messages will be lost


###!!! [Parent][RunMessage] Error: Channel closing: too late to send/recv, messages will be lost


###!!! [Parent][RunMessage] Error: Channel closing: too late to send/recv, messages will be lost

1526926035488	geckodriver	INFO	geckodriver 0.20.1
1526926035501	geckodriver	INFO	Listening on 127.0.0.1:52977
1526926036514	mozrunner::runner	INFO	Running command: "/Applications/Firefox.app/Contents/MacOS/firefox-bin" "-marionette" "-profile" "/var/folders/p4/c49sz9yj4hzfp37vdshrxj1c0000gn/T/rust_mozprofile.Z2hVVPSpf0Co"
2018-05-21 23:37:18.302 plugin-container[71435:3873714] *** CFMessagePort: bootstrap_register(): failed 1100 (0x44c) 'Permission denied', port = 0x9233, name = 'com.apple.tsm.portname'
See /usr/include/servers/bootstrap_defs.h for the error codes.
1526926038874	Marionette	INFO	Listening on port 52995
1526926038980	Marionette	WARN	TLS certificate errors will be ignored for this session

###!!! [Child][RunMessage] Error: Channel closing: too late to send/recv, messages will be lost


###!!! [Child][RunMessage] Error: Channel closing: too late to send/recv, messages will be lost

2018-05-21 23:37:20.018 plugin-container[71436:3873808] *** CFMessagePort: bootstrap_register(): failed 1100 (0x44c) 'Permission denied', port = 0x743f, name = 'com.apple.tsm.portname'
See /usr/include/servers/bootstrap_defs.h for the error codes.

###!!! [Parent][DispatchAsyncMessage] Error: PClientSourceOp::Msg___delete__ Route error: message sent to unknown actor ID

JavaScript warning: https://static.xx.fbcdn.net/rsrc.php/v3itpB4/yg/l/en_US/y11Fb-qjenN.js, line 1983: unreachable code after return statement
*** UTM:SVC TimerManager:registerTimer called after profile-before-change notification. Ignoring timer registration for id: telemetry_modules_ping
1526926189995	geckodriver	INFO	geckodriver 0.20.1
1526926190004	geckodriver	INFO	Listening on 127.0.0.1:54211
1526926191031	mozrunner::runner	INFO	Running command: "/Applications/Firefox.app/Contents/MacOS/firefox-bin" "-marionette" "-profile" "/var/folders/p4/c49sz9yj4hzfp37vdshrxj1c0000gn/T/rust_mozprofile.2bZwFN9sl8Sz"
2018-05-21 23:39:52.720 plugin-container[71455:3875827] *** CFMessagePort: bootstrap_register(): failed 1100 (0x44c) 'Permission denied', port = 0x7f43, name = 'com.apple.tsm.portname'
See /usr/include/servers/bootstrap_defs.h for the error codes.
1526926193343	Marionette	INFO	Listening on port 54229
1526926193724	Marionette	WARN	TLS certificate errors will be ignored for this session
2018-05-21 23:39:54.373 plugin-container[71456:3875919] *** CFMessagePort: bootstrap_register(): failed 1100 (0x44c) 'Permission denied', port = 0x8a3f, name = 'com.apple.tsm.portname'
See /usr/include/servers/bootstrap_defs.h for the error codes.
JavaScript warning: https://static.xx.fbcdn.net/rsrc.php/v3itpB4/yg/l/en_US/y11Fb-qjenN.js, line 1983: unreachable code after return statement
1526926457581	geckodriver	INFO	geckodriver 0.20.1
1526926457588	geckodriver	INFO	Listening on 127.0.0.1:56273
1526926458606	mozrunner::runner	INFO	Running command: "/Applications/Firefox.app/Contents/MacOS/firefox-bin" "-marionette" "-profile" "/var/folders/p4/c49sz9yj4hzfp37vdshrxj1c0000gn/T/rust_mozprofile.e0VpBAc88Mwm"
2018-05-21 23:44:20.508 plugin-container[71481:3879289] *** CFMessagePort: bootstrap_register(): failed 1100 (0x44c) 'Permission denied', port = 0x7637, name = 'com.apple.tsm.portname'
See /usr/include/servers/bootstrap_defs.h for the error codes.
1526926461127	Marionette	INFO	Listening on port 56291
1526926461153	Marionette	WARN	TLS certificate errors will be ignored for this session
2018-05-21 23:44:21.937 plugin-container[71482:3879404] *** CFMessagePort: bootstrap_register(): failed 1100 (0x44c) 'Permission denied', port = 0x7543, name = 'com.apple.tsm.portname'
See /usr/include/servers/bootstrap_defs.h for the error codes.
JavaScript warning: https://static.xx.fbcdn.net/rsrc.php/v3itpB4/yg/l/en_US/y11Fb-qjenN.js, line 1983: unreachable code after return statement
1526926499193	geckodriver	INFO	geckodriver 0.20.1
1526926499206	geckodriver	INFO	Listening on 127.0.0.1:56687
1526926500217	mozrunner::runner	INFO	Running command: "/Applications/Firefox.app/Contents/MacOS/firefox-bin" "-marionette" "-profile" "/var/folders/p4/c49sz9yj4hzfp37vdshrxj1c0000gn/T/rust_mozprofile.S89NiZrKO91c"
*** UTM:SVC TimerManager:registerTimer called after profile-before-change notification. Ignoring timer registration for id: telemetry_modules_ping
2018-05-21 23:45:02.417 plugin-container[71493:3880173] *** CFMessagePort: bootstrap_register(): failed 1100 (0x44c) 'Permission denied', port = 0x8543, name = 'com.apple.tsm.portname'
See /usr/include/servers/bootstrap_defs.h for the error codes.
1526926503179	Marionette	INFO	Listening on port 56706
1526926503230	Marionette	WARN	TLS certificate errors will be ignored for this session
2018-05-21 23:45:03.926 plugin-container[71494:3880270] *** CFMessagePort: bootstrap_register(): failed 1100 (0x44c) 'Permission denied', port = 0x8643, name = 'com.apple.tsm.portname'
See /usr/include/servers/bootstrap_defs.h for the error codes.
JavaScript error: https://fbsbx.com/captcha/recaptcha/iframe/?referer=https%3A%2F%2Fwww.facebook.com, line 13: TypeError: style is null
JavaScript error: https://fbsbx.com/captcha/recaptcha/iframe/?referer=https%3A%2F%2Fwww.facebook.com, line 13: TypeError: style is null
JavaScript error: https://fbsbx.com/captcha/recaptcha/iframe/?referer=https%3A%2F%2Fwww.facebook.com, line 13: TypeError: style is null
JavaScript warning: https://www.facebook.com/rsrc.php/v3itpB4/yg/l/en_US/y11Fb-qjenN.js, line 1983: unreachable code after return statement

###!!! [Parent][DispatchAsyncMessage] Error: PClientSourceOp::Msg___delete__ Route error: message sent to unknown actor ID

1526926624228	geckodriver	INFO	geckodriver 0.20.1
1526926624240	geckodriver	INFO	Listening on 127.0.0.1:57713
1526926625263	mozrunner::runner	INFO	Running command: "/Applications/Firefox.app/Contents/MacOS/firefox-bin" "-marionette" "-profile" "/var/folders/p4/c49sz9yj4hzfp37vdshrxj1c0000gn/T/rust_mozprofile.SP4WcsmcxHnr"
2018-05-21 23:47:07.106 plugin-container[71517:3882755] *** CFMessagePort: bootstrap_register(): failed 1100 (0x44c) 'Permission denied', port = 0x8843, name = 'com.apple.tsm.portname'
See /usr/include/servers/bootstrap_defs.h for the error codes.
1526926627937	Marionette	INFO	Listening on port 57732
1526926628022	Marionette	WARN	TLS certificate errors will be ignored for this session
2018-05-21 23:47:08.764 plugin-container[71518:3882868] *** CFMessagePort: bootstrap_register(): failed 1100 (0x44c) 'Permission denied', port = 0x8607, name = 'com.apple.tsm.portname'
See /usr/include/servers/bootstrap_defs.h for the error codes.
JavaScript warning: https://static.xx.fbcdn.net/rsrc.php/v3itpB4/yg/l/en_US/y11Fb-qjenN.js, line 1983: unreachable code after return statement
*** UTM:SVC TimerManager:registerTimer called after profile-before-change notification. Ignoring timer registration for id: telemetry_modules_ping
1526927245902	geckodriver	INFO	geckodriver 0.20.1
1526927245913	geckodriver	INFO	Listening on 127.0.0.1:62351
1526927246935	mozrunner::runner	INFO	Running command: "/Applications/Firefox.app/Contents/MacOS/firefox-bin" "-marionette" "-profile" "/var/folders/p4/c49sz9yj4hzfp37vdshrxj1c0000gn/T/rust_mozprofile.jkcSxcZYFk77"
2018-05-21 23:57:28.840 plugin-container[71565:3890149] *** CFMessagePort: bootstrap_register(): failed 1100 (0x44c) 'Permission denied', port = 0x7c37, name = 'com.apple.tsm.portname'
See /usr/include/servers/bootstrap_defs.h for the error codes.
1526927249627	Marionette	INFO	Listening on port 62369
1526927249742	Marionette	WARN	TLS certificate errors will be ignored for this session
2018-05-21 23:57:29.949 plugin-container[71566:3890235] *** CFMessagePort: bootstrap_register(): failed 1100 (0x44c) 'Permission denied', port = 0x7503, name = 'com.apple.tsm.portname'
See /usr/include/servers/bootstrap_defs.h for the error codes.
JavaScript warning: https://static.xx.fbcdn.net/rsrc.php/v3itpB4/yg/l/en_US/y11Fb-qjenN.js, line 1983: unreachable code after return statement
1526927293974	geckodriver	INFO	geckodriver 0.20.1
1526927293990	geckodriver	INFO	Listening on 127.0.0.1:62819
1526927295028	mozrunner::runner	INFO	Running command: "/Applications/Firefox.app/Contents/MacOS/firefox-bin" "-marionette" "-profile" "/var/folders/p4/c49sz9yj4hzfp37vdshrxj1c0000gn/T/rust_mozprofile.fphiTCdXu7xm"
*** UTM:SVC TimerManager:registerTimer called after profile-before-change notification. Ignoring timer registration for id: telemetry_modules_ping
2018-05-21 23:58:17.371 plugin-container[71577:3891494] *** CFMessagePort: bootstrap_register(): failed 1100 (0x44c) 'Permission denied', port = 0x763f, name = 'com.apple.tsm.portname'
See /usr/include/servers/bootstrap_defs.h for the error codes.
1526927298199	Marionette	INFO	Listening on port 62838
2018-05-21 23:58:18.239 plugin-container[71579:3891575] *** CFMessagePort: bootstrap_register(): failed 1100 (0x44c) 'Permission denied', port = 0x8a47, name = 'com.apple.tsm.portname'
See /usr/include/servers/bootstrap_defs.h for the error codes.
1526927298293	Marionette	WARN	TLS certificate errors will be ignored for this session
JavaScript warning: https://static.xx.fbcdn.net/rsrc.php/v3itpB4/yg/l/en_US/y11Fb-qjenN.js, line 1983: unreachable code after return statement
1526929196608	geckodriver	INFO	geckodriver 0.20.1
1526929196623	geckodriver	INFO	Listening on 127.0.0.1:60166
1526929197643	mozrunner::runner	INFO	Running command: "/Applications/Firefox.app/Contents/MacOS/firefox-bin" "-marionette" "-profile" "/var/folders/p4/c49sz9yj4hzfp37vdshrxj1c0000gn/T/rust_mozprofile.xgq6GxlsH3C9"
2018-05-22 00:29:59.875 plugin-container[71652:3906976] *** CFMessagePort: bootstrap_register(): failed 1100 (0x44c) 'Permission denied', port = 0x8747, name = 'com.apple.tsm.portname'
See /usr/include/servers/bootstrap_defs.h for the error codes.
1526929200877	Marionette	INFO	Listening on port 60188
1526929201011	Marionette	WARN	TLS certificate errors will be ignored for this session
2018-05-22 00:30:01.366 plugin-container[71653:3907068] *** CFMessagePort: bootstrap_register(): failed 1100 (0x44c) 'Permission denied', port = 0x803b, name = 'com.apple.tsm.portname'
See /usr/include/servers/bootstrap_defs.h for the error codes.
JavaScript warning: https://static.xx.fbcdn.net/rsrc.php/v3itpB4/yg/l/en_US/y11Fb-qjenN.js, line 1983: unreachable code after return statement
1526929353067	geckodriver	INFO	geckodriver 0.20.1
1526929353076	geckodriver	INFO	Listening on 127.0.0.1:61449
1526929354096	mozrunner::runner	INFO	Running command: "/Applications/Firefox.app/Contents/MacOS/firefox-bin" "-marionette" "-profile" "/var/folders/p4/c49sz9yj4hzfp37vdshrxj1c0000gn/T/rust_mozprofile.RNqwMKNaBMVW"
2018-05-22 00:32:35.714 plugin-container[71671:3909283] *** CFMessagePort: bootstrap_register(): failed 1100 (0x44c) 'Permission denied', port = 0x8c3f, name = 'com.apple.tsm.portname'
See /usr/include/servers/bootstrap_defs.h for the error codes.
1526929356389	Marionette	INFO	Listening on port 61467
1526929356411	Marionette	WARN	TLS certificate errors will be ignored for this session
2018-05-22 00:32:37.112 plugin-container[71672:3909373] *** CFMessagePort: bootstrap_register(): failed 1100 (0x44c) 'Permission denied', port = 0x863f, name = 'com.apple.tsm.portname'
See /usr/include/servers/bootstrap_defs.h for the error codes.
JavaScript error: https://fbsbx.com/captcha/recaptcha/iframe/?referer=https%3A%2F%2Fwww.facebook.com, line 13: TypeError: style is null
JavaScript error: https://fbsbx.com/captcha/recaptcha/iframe/?referer=https%3A%2F%2Fwww.facebook.com, line 13: TypeError: style is null
JavaScript error: https://fbsbx.com/captcha/recaptcha/iframe/?referer=https%3A%2F%2Fwww.facebook.com, line 13: TypeError: style is null
JavaScript warning: https://static.xx.fbcdn.net/rsrc.php/v3itpB4/yg/l/en_US/y11Fb-qjenN.js, line 1983: unreachable code after return statement
1526929476336	geckodriver	INFO	geckodriver 0.20.1
1526929476345	geckodriver	INFO	Listening on 127.0.0.1:62446
1526929477382	mozrunner::runner	INFO	Running command: "/Applications/Firefox.app/Contents/MacOS/firefox-bin" "-marionette" "-profile" "/var/folders/p4/c49sz9yj4hzfp37vdshrxj1c0000gn/T/rust_mozprofile.RZto8b5mGI5l"
2018-05-22 00:34:39.130 plugin-container[71691:3910998] *** CFMessagePort: bootstrap_register(): failed 1100 (0x44c) 'Permission denied', port = 0x7543, name = 'com.apple.tsm.portname'
See /usr/include/servers/bootstrap_defs.h for the error codes.
1526929479759	Marionette	INFO	Listening on port 62466
1526929479847	Marionette	WARN	TLS certificate errors will be ignored for this session
2018-05-22 00:34:40.466 plugin-container[71692:3911082] *** CFMessagePort: bootstrap_register(): failed 1100 (0x44c) 'Permission denied', port = 0x7507, name = 'com.apple.tsm.portname'
See /usr/include/servers/bootstrap_defs.h for the error codes.
JavaScript warning: https://static.xx.fbcdn.net/rsrc.php/v3itpB4/yg/l/en_US/y11Fb-qjenN.js, line 1983: unreachable code after return statement
1526929543097	geckodriver	INFO	geckodriver 0.20.1
1526929543105	geckodriver	INFO	Listening on 127.0.0.1:63032
1526929544123	mozrunner::runner	INFO	Running command: "/Applications/Firefox.app/Contents/MacOS/firefox-bin" "-marionette" "-profile" "/var/folders/p4/c49sz9yj4hzfp37vdshrxj1c0000gn/T/rust_mozprofile.kUu023HSwm7h"
2018-05-22 00:35:45.889 plugin-container[71706:3912129] *** CFMessagePort: bootstrap_register(): failed 1100 (0x44c) 'Permission denied', port = 0x803f, name = 'com.apple.tsm.portname'
See /usr/include/servers/bootstrap_defs.h for the error codes.
1526929546465	Marionette	INFO	Listening on port 63050
1526929546541	Marionette	WARN	TLS certificate errors will be ignored for this session
2018-05-22 00:35:47.392 plugin-container[71707:3912279] *** CFMessagePort: bootstrap_register(): failed 1100 (0x44c) 'Permission denied', port = 0x843f, name = 'com.apple.tsm.portname'
See /usr/include/servers/bootstrap_defs.h for the error codes.
JavaScript error: https://fbsbx.com/captcha/recaptcha/iframe/?referer=https%3A%2F%2Fwww.facebook.com, line 13: TypeError: style is null
JavaScript error: https://fbsbx.com/captcha/recaptcha/iframe/?referer=https%3A%2F%2Fwww.facebook.com, line 13: TypeError: style is null
JavaScript error: https://fbsbx.com/captcha/recaptcha/iframe/?referer=https%3A%2F%2Fwww.facebook.com, line 13: TypeError: style is null
JavaScript warning: https://static.xx.fbcdn.net/rsrc.php/v3itpB4/yg/l/en_US/y11Fb-qjenN.js, line 1983: unreachable code after return statement
*** UTM:SVC TimerManager:registerTimer called after profile-before-change notification. Ignoring timer registration for id: telemetry_modules_ping
1526930061556	geckodriver	INFO	geckodriver 0.20.1
1526930061565	geckodriver	INFO	Listening on 127.0.0.1:65236
1526930062577	mozrunner::runner	INFO	Running command: "/Applications/Firefox.app/Contents/MacOS/firefox-bin" "-marionette" "-profile" "/var/folders/p4/c49sz9yj4hzfp37vdshrxj1c0000gn/T/rust_mozprofile.JHrEok3fwPb0"
2018-05-22 00:44:24.365 plugin-container[71747:3918320] *** CFMessagePort: bootstrap_register(): failed 1100 (0x44c) 'Permission denied', port = 0x8707, name = 'com.apple.tsm.portname'
See /usr/include/servers/bootstrap_defs.h for the error codes.
1526930065094	Marionette	INFO	Listening on port 65250
1526930065399	Marionette	WARN	TLS certificate errors will be ignored for this session
2018-05-22 00:44:25.460 plugin-container[71748:3918409] *** CFMessagePort: bootstrap_register(): failed 1100 (0x44c) 'Permission denied', port = 0x873f, name = 'com.apple.tsm.portname'
See /usr/include/servers/bootstrap_defs.h for the error codes.
JavaScript warning: https://static.xx.fbcdn.net/rsrc.php/v3itpB4/yg/l/en_US/y11Fb-qjenN.js, line 1983: unreachable code after return statement
1526930113772	geckodriver	INFO	geckodriver 0.20.1
1526930113782	geckodriver	INFO	Listening on 127.0.0.1:65512
1526930114796	mozrunner::runner	INFO	Running command: "/Applications/Firefox.app/Contents/MacOS/firefox-bin" "-marionette" "-profile" "/var/folders/p4/c49sz9yj4hzfp37vdshrxj1c0000gn/T/rust_mozprofile.ApfQFNPuw9y0"
*** UTM:SVC TimerManager:registerTimer called after profile-before-change notification. Ignoring timer registration for id: telemetry_modules_ping
2018-05-22 00:45:16.875 plugin-container[71759:3919121] *** CFMessagePort: bootstrap_register(): failed 1100 (0x44c) 'Permission denied', port = 0x853f, name = 'com.apple.tsm.portname'
See /usr/include/servers/bootstrap_defs.h for the error codes.
2018-05-22 00:45:17.638 plugin-container[71760:3919183] *** CFMessagePort: bootstrap_register(): failed 1100 (0x44c) 'Permission denied', port = 0x8a3f, name = 'com.apple.tsm.portname'
See /usr/include/servers/bootstrap_defs.h for the error codes.
1526930117649	Marionette	INFO	Listening on port 65527
1526930117741	Marionette	WARN	TLS certificate errors will be ignored for this session
JavaScript warning: https://static.xx.fbcdn.net/rsrc.php/v3itpB4/yg/l/en_US/y11Fb-qjenN.js, line 1983: unreachable code after return statement
1526930244281	geckodriver	INFO	geckodriver 0.20.1
1526930244291	geckodriver	INFO	Listening on 127.0.0.1:49646
1526930245302	mozrunner::runner	INFO	Running command: "/Applications/Firefox.app/Contents/MacOS/firefox-bin" "-marionette" "-profile" "/var/folders/p4/c49sz9yj4hzfp37vdshrxj1c0000gn/T/rust_mozprofile.sPAffyegEbst"
2018-05-22 00:47:27.027 plugin-container[71774:3920805] *** CFMessagePort: bootstrap_register(): failed 1100 (0x44c) 'Permission denied', port = 0x8307, name = 'com.apple.tsm.portname'
See /usr/include/servers/bootstrap_defs.h for the error codes.
1526930247636	Marionette	INFO	Listening on port 49661
1526930247714	Marionette	WARN	TLS certificate errors will be ignored for this session
2018-05-22 00:47:28.346 plugin-container[71775:3920891] *** CFMessagePort: bootstrap_register(): failed 1100 (0x44c) 'Permission denied', port = 0x8b3f, name = 'com.apple.tsm.portname'
See /usr/include/servers/bootstrap_defs.h for the error codes.
JavaScript error: https://fbsbx.com/captcha/recaptcha/iframe/?referer=https%3A%2F%2Fwww.facebook.com, line 13: TypeError: style is null
JavaScript error: https://fbsbx.com/captcha/recaptcha/iframe/?referer=https%3A%2F%2Fwww.facebook.com, line 13: TypeError: style is null
JavaScript error: https://fbsbx.com/captcha/recaptcha/iframe/?referer=https%3A%2F%2Fwww.facebook.com, line 13: TypeError: style is null
JavaScript warning: https://static.xx.fbcdn.net/rsrc.php/v3itpB4/yg/l/en_US/y11Fb-qjenN.js, line 1983: unreachable code after return statement
*** UTM:SVC TimerManager:registerTimer called after profile-before-change notification. Ignoring timer registration for id: telemetry_modules_ping
1526930308392	geckodriver	INFO	geckodriver 0.20.1
1526930308399	geckodriver	INFO	Listening on 127.0.0.1:49973
1526930309411	mozrunner::runner	INFO	Running command: "/Applications/Firefox.app/Contents/MacOS/firefox-bin" "-marionette" "-profile" "/var/folders/p4/c49sz9yj4hzfp37vdshrxj1c0000gn/T/rust_mozprofile.waScO8XtqLRs"
2018-05-22 00:48:31.074 plugin-container[71787:3921732] *** CFMessagePort: bootstrap_register(): failed 1100 (0x44c) 'Permission denied', port = 0x9043, name = 'com.apple.tsm.portname'
See /usr/include/servers/bootstrap_defs.h for the error codes.
1526930311658	Marionette	INFO	Listening on port 49987
1526930311748	Marionette	WARN	TLS certificate errors will be ignored for this session
2018-05-22 00:48:32.475 plugin-container[71788:3921816] *** CFMessagePort: bootstrap_register(): failed 1100 (0x44c) 'Permission denied', port = 0x903f, name = 'com.apple.tsm.portname'
See /usr/include/servers/bootstrap_defs.h for the error codes.
JavaScript warning: https://static.xx.fbcdn.net/rsrc.php/v3itpB4/yg/l/en_US/y11Fb-qjenN.js, line 1983: unreachable code after return statement
*** UTM:SVC TimerManager:registerTimer called after profile-before-change notification. Ignoring timer registration for id: telemetry_modules_ping
1526930388485	geckodriver	INFO	geckodriver 0.20.1
1526930388493	geckodriver	INFO	Listening on 127.0.0.1:50342
1526930389523	mozrunner::runner	INFO	Running command: "/Applications/Firefox.app/Contents/MacOS/firefox-bin" "-marionette" "-profile" "/var/folders/p4/c49sz9yj4hzfp37vdshrxj1c0000gn/T/rust_mozprofile.A0EUs4osBcVa"
2018-05-22 00:49:51.248 plugin-container[71808:3923023] *** CFMessagePort: bootstrap_register(): failed 1100 (0x44c) 'Permission denied', port = 0x873f, name = 'com.apple.tsm.portname'
See /usr/include/servers/bootstrap_defs.h for the error codes.
1526930391793	Marionette	INFO	Listening on port 50358
1526930391860	Marionette	WARN	TLS certificate errors will be ignored for this session
2018-05-22 00:49:52.558 plugin-container[71809:3923115] *** CFMessagePort: bootstrap_register(): failed 1100 (0x44c) 'Permission denied', port = 0x8a3f, name = 'com.apple.tsm.portname'
See /usr/include/servers/bootstrap_defs.h for the error codes.
JavaScript warning: https://static.xx.fbcdn.net/rsrc.php/v3itpB4/yg/l/en_US/y11Fb-qjenN.js, line 1983: unreachable code after return statement

###!!! [Child][RunMessage] Error: Channel closing: too late to send/recv, messages will be lost

1526959664024	geckodriver	INFO	geckodriver 0.20.1
1526959664035	geckodriver	INFO	Listening on 127.0.0.1:53830
1526959665062	mozrunner::runner	INFO	Running command: "/Applications/Firefox.app/Contents/MacOS/firefox-bin" "-marionette" "-profile" "/var/folders/p4/c49sz9yj4hzfp37vdshrxj1c0000gn/T/rust_mozprofile.9xbO4PFXIv1Q"
2018-05-22 08:57:47.221 plugin-container[72108:3937601] *** CFMessagePort: bootstrap_register(): failed 1100 (0x44c) 'Permission denied', port = 0x7b3f, name = 'com.apple.tsm.portname'
See /usr/include/servers/bootstrap_defs.h for the error codes.
2018-05-22 08:57:48.254 plugin-container[72109:3937664] *** CFMessagePort: bootstrap_register(): failed 1100 (0x44c) 'Permission denied', port = 0x8c3f, name = 'com.apple.tsm.portname'
See /usr/include/servers/bootstrap_defs.h for the error codes.
1526959668256	Marionette	INFO	Listening on port 53845
1526959668286	Marionette	WARN	TLS certificate errors will be ignored for this session
1526959738816	geckodriver	INFO	geckodriver 0.20.1
1526959738827	geckodriver	INFO	Listening on 127.0.0.1:54174
1526959739839	mozrunner::runner	INFO	Running command: "/Applications/Firefox.app/Contents/MacOS/firefox-bin" "-marionette" "-profile" "/var/folders/p4/c49sz9yj4hzfp37vdshrxj1c0000gn/T/rust_mozprofile.SnfTHcZROGP6"
2018-05-22 08:59:01.744 plugin-container[72128:3938532] *** CFMessagePort: bootstrap_register(): failed 1100 (0x44c) 'Permission denied', port = 0x863f, name = 'com.apple.tsm.portname'
See /usr/include/servers/bootstrap_defs.h for the error codes.
1526959742330	Marionette	INFO	Listening on port 54189
1526959742387	Marionette	WARN	TLS certificate errors will be ignored for this session
2018-05-22 08:59:03.478 plugin-container[72129:3938625] *** CFMessagePort: bootstrap_register(): failed 1100 (0x44c) 'Permission denied', port = 0x8d43, name = 'com.apple.tsm.portname'
See /usr/include/servers/bootstrap_defs.h for the error codes.
JavaScript warning: https://static.xx.fbcdn.net/rsrc.php/v3itpB4/yO/l/en_US/9d2FMBaqnlE.js, line 1983: unreachable code after return statement
*** UTM:SVC TimerManager:registerTimer called after profile-before-change notification. Ignoring timer registration for id: telemetry_modules_ping
1526960148700	geckodriver	INFO	geckodriver 0.20.1
1526960148715	geckodriver	INFO	Listening on 127.0.0.1:55626
1526960149735	mozrunner::runner	INFO	Running command: "/Applications/Firefox.app/Contents/MacOS/firefox-bin" "-marionette" "-profile" "/var/folders/p4/c49sz9yj4hzfp37vdshrxj1c0000gn/T/rust_mozprofile.IzX5PtVR3OrD"
2018-05-22 09:05:51.301 plugin-container[72158:3942259] *** CFMessagePort: bootstrap_register(): failed 1100 (0x44c) 'Permission denied', port = 0x8907, name = 'com.apple.tsm.portname'
See /usr/include/servers/bootstrap_defs.h for the error codes.
1526960151823	Marionette	INFO	Listening on port 55641
1526960151921	Marionette	WARN	TLS certificate errors will be ignored for this session
2018-05-22 09:05:52.540 plugin-container[72159:3942334] *** CFMessagePort: bootstrap_register(): failed 1100 (0x44c) 'Permission denied', port = 0x8403, name = 'com.apple.tsm.portname'
See /usr/include/servers/bootstrap_defs.h for the error codes.
JavaScript warning: https://static.xx.fbcdn.net/rsrc.php/v3itpB4/yO/l/en_US/9d2FMBaqnlE.js, line 1983: unreachable code after return statement
*** UTM:SVC TimerManager:registerTimer called after profile-before-change notification. Ignoring timer registration for id: telemetry_modules_ping
1526960190803	geckodriver	INFO	geckodriver 0.20.1
1526960190811	geckodriver	INFO	Listening on 127.0.0.1:55871
1526960191825	mozrunner::runner	INFO	Running command: "/Applications/Firefox.app/Contents/MacOS/firefox-bin" "-marionette" "-profile" "/var/folders/p4/c49sz9yj4hzfp37vdshrxj1c0000gn/T/rust_mozprofile.intzo1qDFvTs"
2018-05-22 09:06:33.432 plugin-container[72172:3943014] *** CFMessagePort: bootstrap_register(): failed 1100 (0x44c) 'Permission denied', port = 0x883f, name = 'com.apple.tsm.portname'
See /usr/include/servers/bootstrap_defs.h for the error codes.
1526960193953	Marionette	INFO	Listening on port 55886
1526960194018	Marionette	WARN	TLS certificate errors will be ignored for this session
2018-05-22 09:06:34.605 plugin-container[72173:3943097] *** CFMessagePort: bootstrap_register(): failed 1100 (0x44c) 'Permission denied', port = 0x7503, name = 'com.apple.tsm.portname'
See /usr/include/servers/bootstrap_defs.h for the error codes.
JavaScript warning: https://static.xx.fbcdn.net/rsrc.php/v3itpB4/yO/l/en_US/9d2FMBaqnlE.js, line 1983: unreachable code after return statement
*** UTM:SVC TimerManager:registerTimer called after profile-before-change notification. Ignoring timer registration for id: telemetry_modules_ping
1526960433796	geckodriver	INFO	geckodriver 0.20.1
1526960433804	geckodriver	INFO	Listening on 127.0.0.1:56825
1526960434816	mozrunner::runner	INFO	Running command: "/Applications/Firefox.app/Contents/MacOS/firefox-bin" "-marionette" "-profile" "/var/folders/p4/c49sz9yj4hzfp37vdshrxj1c0000gn/T/rust_mozprofile.goqujdxBjgxh"
2018-05-22 09:10:36.500 plugin-container[72207:3946320] *** CFMessagePort: bootstrap_register(): failed 1100 (0x44c) 'Permission denied', port = 0x8943, name = 'com.apple.tsm.portname'
See /usr/include/servers/bootstrap_defs.h for the error codes.
1526960437101	Marionette	INFO	Listening on port 56839
1526960437119	Marionette	WARN	TLS certificate errors will be ignored for this session
2018-05-22 09:10:37.804 plugin-container[72208:3946423] *** CFMessagePort: bootstrap_register(): failed 1100 (0x44c) 'Permission denied', port = 0x8303, name = 'com.apple.tsm.portname'
See /usr/include/servers/bootstrap_defs.h for the error codes.
JavaScript warning: https://static.xx.fbcdn.net/rsrc.php/v3itpB4/yO/l/en_US/9d2FMBaqnlE.js, line 1983: unreachable code after return statement

###!!! [Parent][DispatchAsyncMessage] Error: PClientSourceOp::Msg___delete__ Route error: message sent to unknown actor ID

*** UTM:SVC TimerManager:registerTimer called after profile-before-change notification. Ignoring timer registration for id: telemetry_modules_ping
1526964501615	geckodriver	INFO	geckodriver 0.20.1
1526964501624	geckodriver	INFO	Listening on 127.0.0.1:57830
1526964502649	mozrunner::runner	INFO	Running command: "/Applications/Firefox.app/Contents/MacOS/firefox-bin" "-marionette" "-profile" "/var/folders/p4/c49sz9yj4hzfp37vdshrxj1c0000gn/T/rust_mozprofile.UHy4Zl9q3uOr"
2018-05-22 10:18:24.497 plugin-container[72243:3949768] *** CFMessagePort: bootstrap_register(): failed 1100 (0x44c) 'Permission denied', port = 0x763f, name = 'com.apple.tsm.portname'
See /usr/include/servers/bootstrap_defs.h for the error codes.
1526964505258	Marionette	INFO	Listening on port 57845
1526964505288	Marionette	WARN	TLS certificate errors will be ignored for this session
2018-05-22 10:18:25.993 plugin-container[72244:3949867] *** CFMessagePort: bootstrap_register(): failed 1100 (0x44c) 'Permission denied', port = 0x8a43, name = 'com.apple.tsm.portname'
See /usr/include/servers/bootstrap_defs.h for the error codes.
JavaScript warning: https://static.xx.fbcdn.net/rsrc.php/v3itpB4/yO/l/en_US/9d2FMBaqnlE.js, line 1983: unreachable code after return statement

###!!! [Parent][DispatchAsyncMessage] Error: PClientSourceOp::Msg___delete__ Route error: message sent to unknown actor ID

*** UTM:SVC TimerManager:registerTimer called after profile-before-change notification. Ignoring timer registration for id: telemetry_modules_ping
1526964781824	geckodriver	INFO	geckodriver 0.20.1
1526964781836	geckodriver	INFO	Listening on 127.0.0.1:58981
1526964782847	mozrunner::runner	INFO	Running command: "/Applications/Firefox.app/Contents/MacOS/firefox-bin" "-marionette" "-profile" "/var/folders/p4/c49sz9yj4hzfp37vdshrxj1c0000gn/T/rust_mozprofile.blH29qyLZjFS"
2018-05-22 10:23:04.738 plugin-container[72268:3952847] *** CFMessagePort: bootstrap_register(): failed 1100 (0x44c) 'Permission denied', port = 0x7b3f, name = 'com.apple.tsm.portname'
See /usr/include/servers/bootstrap_defs.h for the error codes.
1526964785285	Marionette	INFO	Listening on port 58996
1526964785361	Marionette	WARN	TLS certificate errors will be ignored for this session
2018-05-22 10:23:05.943 plugin-container[72269:3952921] *** CFMessagePort: bootstrap_register(): failed 1100 (0x44c) 'Permission denied', port = 0x7a07, name = 'com.apple.tsm.portname'
See /usr/include/servers/bootstrap_defs.h for the error codes.

###!!! [Child][RunMessage] Error: Channel closing: too late to send/recv, messages will be lost

1526965169059	geckodriver	INFO	geckodriver 0.20.1
1526965169071	geckodriver	INFO	Listening on 127.0.0.1:62215
1526965170099	mozrunner::runner	INFO	Running command: "/Applications/Firefox.app/Contents/MacOS/firefox-bin" "-marionette" "-profile" "/var/folders/p4/c49sz9yj4hzfp37vdshrxj1c0000gn/T/rust_mozprofile.aUAfm4VBJq1Y"
2018-05-22 10:29:31.814 plugin-container[72301:3958324] *** CFMessagePort: bootstrap_register(): failed 1100 (0x44c) 'Permission denied', port = 0x833f, name = 'com.apple.tsm.portname'
See /usr/include/servers/bootstrap_defs.h for the error codes.
1526965172455	Marionette	INFO	Listening on port 62229
1526965172550	Marionette	WARN	TLS certificate errors will be ignored for this session
2018-05-22 10:29:33.427 plugin-container[72302:3958404] *** CFMessagePort: bootstrap_register(): failed 1100 (0x44c) 'Permission denied', port = 0x8543, name = 'com.apple.tsm.portname'
See /usr/include/servers/bootstrap_defs.h for the error codes.
JavaScript warning: https://www.facebook.com/rsrc.php/v3itpB4/yO/l/en_US/9d2FMBaqnlE.js, line 1983: unreachable code after return statement
*** UTM:SVC TimerManager:registerTimer called after profile-before-change notification. Ignoring timer registration for id: telemetry_modules_ping
1526965344497	geckodriver	INFO	geckodriver 0.20.1
1526965344506	geckodriver	INFO	Listening on 127.0.0.1:63072
1526965345533	mozrunner::runner	INFO	Running command: "/Applications/Firefox.app/Contents/MacOS/firefox-bin" "-marionette" "-profile" "/var/folders/p4/c49sz9yj4hzfp37vdshrxj1c0000gn/T/rust_mozprofile.fjayzp1OP1uF"
2018-05-22 10:32:27.140 plugin-container[72327:3960539] *** CFMessagePort: bootstrap_register(): failed 1100 (0x44c) 'Permission denied', port = 0x883f, name = 'com.apple.tsm.portname'
See /usr/include/servers/bootstrap_defs.h for the error codes.
1526965347743	Marionette	INFO	Listening on port 63086
1526965347833	Marionette	WARN	TLS certificate errors will be ignored for this session
2018-05-22 10:32:28.478 plugin-container[72328:3960622] *** CFMessagePort: bootstrap_register(): failed 1100 (0x44c) 'Permission denied', port = 0x8b3f, name = 'com.apple.tsm.portname'
See /usr/include/servers/bootstrap_defs.h for the error codes.
